2021-10-22 01:08:58 -Starting LogApplication on desktop666666 with PID 12056 (C:\Users\86171\Desktop\spring-boot-study-master\spring-boot-study-master\spring-boot-study\spring-boot-study-log\target\classes started by 86171 in C:\Users\86171\Desktop\spring-boot-study-master\spring-boot-study-master\spring-boot-study)
2021-10-22 01:08:58 -Running with Spring Boot v2.1.6.RELEASE, Spring v5.1.8.RELEASE
2021-10-22 01:08:58 -No active profile set, falling back to default profiles: default
2021-10-22 01:09:00 -

***************************
APPLICATION FAILED TO START
***************************

Description:

Web server failed to start. Port 8081 was already in use.

Action:

Identify and stop the process that's listening on port 8081 or configure this application to listen on another port.

2021-10-22 01:10:15 -Starting LogApplication on desktop666666 with PID 5364 (C:\Users\86171\Desktop\spring-boot-study-master\spring-boot-study-master\spring-boot-study\spring-boot-study-log\target\classes started by 86171 in C:\Users\86171\Desktop\spring-boot-study-master\spring-boot-study-master\spring-boot-study)
2021-10-22 01:10:15 -Running with Spring Boot v2.1.6.RELEASE, Spring v5.1.8.RELEASE
2021-10-22 01:10:15 -No active profile set, falling back to default profiles: default
2021-10-22 01:10:16 -Started LogApplication in 2.556 seconds (JVM running for 3.575)
2021-10-22 01:10:16 -This is a debug message
2021-10-22 01:10:16 -This is an info message
2021-10-22 01:10:16 -This is a warn message
2021-10-22 01:10:16 -This is an error message
2021-10-22 01:20:38 -Starting LogApplication on desktop666666 with PID 9428 (C:\Users\86171\Desktop\spring-boot-study-master\spring-boot-study-master\spring-boot-study\spring-boot-study-log\target\classes started by 86171 in C:\Users\86171\Desktop\spring-boot-study-master\spring-boot-study-master\spring-boot-study)
2021-10-22 01:20:38 -Running with Spring Boot v2.1.6.RELEASE, Spring v5.1.8.RELEASE
2021-10-22 01:20:38 -No active profile set, falling back to default profiles: default
2021-10-22 01:20:40 -

***************************
APPLICATION FAILED TO START
***************************

Description:

Web server failed to start. Port 8081 was already in use.

Action:

Identify and stop the process that's listening on port 8081 or configure this application to listen on another port.

2021-10-22 01:21:26 -Starting LogApplication on desktop666666 with PID 17496 (C:\Users\86171\Desktop\spring-boot-study-master\spring-boot-study-master\spring-boot-study\spring-boot-study-log\target\classes started by 86171 in C:\Users\86171\Desktop\spring-boot-study-master\spring-boot-study-master\spring-boot-study)
2021-10-22 01:21:26 -Running with Spring Boot v2.1.6.RELEASE, Spring v5.1.8.RELEASE
2021-10-22 01:21:26 -No active profile set, falling back to default profiles: default
2021-10-22 01:21:28 -Started LogApplication in 3.515 seconds (JVM running for 7.571)
2021-10-22 01:21:28 -This is a debug message
2021-10-22 01:21:28 -This is an info message
2021-10-22 01:21:28 -This is a warn message
2021-10-22 01:21:28 -This is an error message
2021-10-22 01:37:10 -Starting LogApplication on desktop666666 with PID 22088 (C:\Users\86171\Desktop\spring-boot-study-master\spring-boot-study-master\spring-boot-study\spring-boot-study-log\target\classes started by 86171 in C:\Users\86171\Desktop\spring-boot-study-master\spring-boot-study-master\spring-boot-study)
2021-10-22 01:37:10 -Running with Spring Boot v2.1.6.RELEASE, Spring v5.1.8.RELEASE
2021-10-22 01:37:10 -No active profile set, falling back to default profiles: default
2021-10-22 01:37:12 -Started LogApplication in 3.18 seconds (JVM running for 7.992)
2021-10-22 01:37:12 -This is a debug message
2021-10-22 01:37:12 -This is an info message
2021-10-22 01:37:12 -This is a warn message
2021-10-22 01:37:12 -This is an error message
2021-10-22 08:51:12 -Starting LogApplication on desktop666666 with PID 2784 (C:\Users\86171\Desktop\spring-boot-study-master\spring-boot-study-master\spring-boot-study\spring-boot-study-log\target\classes started by 86171 in C:\Users\86171\Desktop\spring-boot-study-master\spring-boot-study-master\spring-boot-study)
2021-10-22 08:51:12 -Running with Spring Boot v2.1.6.RELEASE, Spring v5.1.8.RELEASE
2021-10-22 08:51:12 -No active profile set, falling back to default profiles: default
2021-10-22 08:51:17 -Started LogApplication in 6.209 seconds (JVM running for 14.192)
2021-10-22 08:51:17 -This is a debug message
2021-10-22 08:51:17 -This is an info message
2021-10-22 08:51:17 -This is a warn message
2021-10-22 08:51:17 -This is an error message
2021-10-22 08:58:50 -Starting LogApplication on desktop666666 with PID 4500 (C:\Users\86171\Desktop\spring-boot-study-master\spring-boot-study-master\spring-boot-study\spring-boot-study-log\target\classes started by 86171 in C:\Users\86171\Desktop\spring-boot-study-master\spring-boot-study-master\spring-boot-study)
2021-10-22 08:58:50 -Running with Spring Boot v2.1.6.RELEASE, Spring v5.1.8.RELEASE
2021-10-22 08:58:50 -No active profile set, falling back to default profiles: default
2021-10-22 08:58:53 -Started LogApplication in 3.427 seconds (JVM running for 5.017)
2021-10-22 08:58:53 -This is a debug message
2021-10-22 08:58:53 -This is an info message
2021-10-22 08:58:53 -This is a warn message
2021-10-22 08:58:53 -This is an error message
2021-10-22 08:59:09 -Starting LogApplication on desktop666666 with PID 9228 (C:\Users\86171\Desktop\spring-boot-study-master\spring-boot-study-master\spring-boot-study\spring-boot-study-log\target\classes started by 86171 in C:\Users\86171\Desktop\spring-boot-study-master\spring-boot-study-master\spring-boot-study)
2021-10-22 08:59:09 -Running with Spring Boot v2.1.6.RELEASE, Spring v5.1.8.RELEASE
2021-10-22 08:59:09 -No active profile set, falling back to default profiles: default
2021-10-22 08:59:14 -Started LogApplication in 6.06 seconds (JVM running for 12.731)
2021-10-22 08:59:14 -This is a debug message
2021-10-22 08:59:14 -This is an info message
2021-10-22 08:59:14 -This is a warn message
2021-10-22 08:59:14 -This is an error message
2021-10-22 09:03:05 -Starting LogApplication on desktop666666 with PID 5964 (C:\Users\86171\Desktop\spring-boot-study-master\spring-boot-study-master\spring-boot-study\spring-boot-study-log\target\classes started by 86171 in C:\Users\86171\Desktop\spring-boot-study-master\spring-boot-study-master\spring-boot-study)
2021-10-22 09:03:05 -Running with Spring Boot v2.1.6.RELEASE, Spring v5.1.8.RELEASE
2021-10-22 09:03:05 -No active profile set, falling back to default profiles: default
2021-10-22 09:03:09 -Started LogApplication in 5.299 seconds (JVM running for 11.925)
2021-10-22 09:03:09 -This is a debug message
2021-10-22 09:03:09 -This is an info message
2021-10-22 09:03:09 -This is a warn message
2021-10-22 09:03:09 -This is an error message
2021-10-22 09:05:26 -This is a debug form controller
2021-10-22 09:05:26 -This is an info message
2021-10-22 09:05:26 -This is a warn message
2021-10-22 09:05:26 -This is an error message
2021-10-22 09:13:22 -This is a debug form controller
2021-10-22 09:13:22 -This is an info message
2021-10-22 09:13:22 -This is a warn message
2021-10-22 09:13:22 -This is an error message
