2021-10-24 01:00:19 -Starting LogApplication on desktop666666 with PID 1128 (C:\Users\86171\Desktop\spring-boot-study-master\spring-boot-study-master\spring-boot-study\spring-boot-study-log\target\classes started by 86171 in C:\Users\86171\Desktop\spring-boot-study-master\spring-boot-study-master\spring-boot-study)
2021-10-24 01:00:19 -Running with Spring Boot v2.1.6.RELEASE, Spring v5.1.8.RELEASE
2021-10-24 01:00:19 -No active profile set, falling back to default profiles: default
2021-10-24 01:00:20 -Started LogApplication in 2.425 seconds (JVM running for 3.479)
2021-10-24 01:00:20 -This is a debug message
2021-10-24 01:00:20 -This is an info message
2021-10-24 01:00:20 -This is a warn message
2021-10-24 01:00:20 -This is an error message
2021-10-24 01:00:59 -Starting LogApplication on desktop666666 with PID 18920 (C:\Users\86171\Desktop\spring-boot-study-master\spring-boot-study-master\spring-boot-study\spring-boot-study-log\target\classes started by 86171 in C:\Users\86171\Desktop\spring-boot-study-master\spring-boot-study-master\spring-boot-study)
2021-10-24 01:00:59 -Running with Spring Boot v2.1.6.RELEASE, Spring v5.1.8.RELEASE
2021-10-24 01:00:59 -No active profile set, falling back to default profiles: default
2021-10-24 01:01:01 -Started LogApplication in 3.299 seconds (JVM running for 4.378)
2021-10-24 01:01:01 -This is a debug message
2021-10-24 01:01:01 -This is an info message
2021-10-24 01:01:01 -This is a warn message
2021-10-24 01:01:01 -This is an error message
2021-10-24 01:01:29 -This is a debug form controller
2021-10-24 01:01:29 -This is an info message
2021-10-24 01:01:29 -This is a warn message
2021-10-24 01:01:29 -This is an error message
